{
  "RSpec": {
    "coverage": {
      "/Users/rin/turing/1module/night_writer_project/spec/file_create_spec.rb": {
        "lines": [
          1,
          1,
          1,
          null,
          1,
          null,
          1,
          1,
          1,
          4,
          null,
          1,
          3,
          null,
          null,
          1,
          3,
          null,
          null,
          1,
          1,
          null,
          null,
          1,
          1,
          null,
          null,
          1,
          1,
          null,
          null,
          null,
          null
        ]
      },
      "/Users/rin/turing/1module/night_writer_project/lib/file_create.rb": {
        "lines": [
          1,
          1,
          1,
          1,
          3,
          3,
          null,
          null,
          1,
          1,
          1,
          1,
          1,
          1,
          null,
          null,
          1,
          3,
          3,
          2,
          null,
          1,
          null,
          null,
          null,
          null
        ]
      },
      "/Users/rin/turing/1module/night_writer_project/lib/translator.rb": {
        "lines": [
          1,
          1,
          null,
          1,
          33,
          33,
          null,
          null,
          1,
          3,
          3,
          3,
          9,
          69,
          null,
          9,
          null,
          null,
          3,
          null,
          null,
          1,
          4,
          4,
          7,
          null,
          4,
          null,
          null,
          1,
          5,
          null,
          null,
          1,
          null,
          null,
          null,
          null,
          null,
          null,
          null,
          null,
          null,
          null,
          null,
          6,
          6,
          6,
          6,
          6,
          5,
          5,
          5,
          null,
          6,
          null,
          null,
          null,
          null,
          null,
          null,
          null,
          null,
          null,
          null,
          null,
          null,
          null,
          null,
          null,
          null,
          null,
          null,
          null
        ]
      },
      "/Users/rin/turing/1module/night_writer_project/spec/interface_spec.rb": {
        "lines": [
          1,
          1,
          1,
          null,
          1,
          null,
          1,
          null,
          1,
          1,
          1,
          2,
          null,
          1,
          1,
          null,
          null,
          1,
          1,
          1,
          null,
          null,
          1,
          1,
          1,
          null,
          null,
          null,
          null,
          null,
          1,
          null,
          1,
          1,
          1,
          2,
          null,
          null,
          1,
          1,
          null,
          null,
          1,
          1,
          1,
          null,
          null,
          1,
          1,
          1,
          null,
          null,
          null,
          null,
          null
        ]
      },
      "/Users/rin/turing/1module/night_writer_project/lib/interface.rb": {
        "lines": [
          1,
          1,
          1,
          null,
          1,
          2,
          2,
          2,
          null,
          null,
          1,
          2,
          2,
          null,
          0,
          0,
          null,
          null,
          null,
          1,
          4,
          4,
          null,
          4,
          4,
          null,
          0,
          null,
          null,
          null,
          null,
          1,
          4,
          null,
          null,
          null
        ]
      },
      "/Users/rin/turing/1module/night_writer_project/spec/translator_spec.rb": {
        "lines": [
          1,
          1,
          null,
          1,
          null,
          1,
          6,
          6,
          6,
          6,
          6,
          null,
          null,
          1,
          1,
          null,
          null,
          1,
          1,
          null,
          null,
          1,
          1,
          1,
          null,
          null,
          1,
          1,
          null,
          null,
          1,
          1,
          null,
          null,
          1,
          1,
          1,
          null,
          null,
          null
        ]
      }
    },
    "timestamp": 1646723775
  }
}
