{
  "RSpec": {
    "coverage": {
      "/Users/rin/turing/1module/night_writer_project/spec/file_create_spec.rb": {
        "lines": [
          1,
          1,
          1,
          null,
          1,
          null,
          1,
          1,
          1,
          4,
          null,
          1,
          3,
          null,
          null,
          1,
          3,
          null,
          null,
          1,
          1,
          null,
          null,
          1,
          1,
          null,
          null,
          1,
          1,
          null,
          null,
          null,
          null
        ]
      },
      "/Users/rin/turing/1module/night_writer_project/lib/file_create.rb": {
        "lines": [
          1,
          1,
          1,
          1,
          4,
          4,
          null,
          null,
          1,
          2,
          2,
          2,
          2,
          2,
          null,
          null,
          1,
          4,
          4,
          3,
          null,
          1,
          null,
          null,
          null,
          null
        ]
      },
      "/Users/rin/turing/1module/night_writer_project/lib/translator.rb": {
        "lines": [
          1,
          1,
          null,
          1,
          60,
          60,
          null,
          null,
          1,
          5,
          5,
          5,
          15,
          75,
          null,
          15,
          null,
          null,
          5,
          null,
          null,
          1,
          5,
          5,
          7,
          null,
          5,
          null,
          null,
          1,
          7,
          null,
          null,
          1,
          null,
          7,
          null,
          7,
          7,
          7,
          null,
          7,
          5,
          5,
          5,
          null,
          null,
          7,
          null,
          null,
          null,
          null
        ]
      },
      "/Users/rin/turing/1module/night_writer_project/spec/interface_spec.rb": {
        "lines": [
          1,
          1,
          1,
          1,
          null,
          1,
          null,
          1,
          null,
          1,
          1,
          1,
          2,
          null,
          1,
          1,
          1,
          null,
          null,
          1,
          1,
          1,
          null,
          null,
          1,
          1,
          1,
          null,
          null,
          null,
          null,
          null,
          1,
          null,
          1,
          1,
          1,
          2,
          null,
          1,
          1,
          1,
          null,
          null,
          null,
          1,
          1,
          null,
          null,
          1,
          1,
          1,
          null,
          null,
          null,
          null,
          null
        ]
      },
      "/Users/rin/turing/1module/night_writer_project/lib/interface.rb": {
        "lines": [
          1,
          1,
          1,
          null,
          1,
          2,
          2,
          2,
          null,
          null,
          1,
          2,
          1,
          null,
          1,
          1,
          null,
          null,
          null,
          1,
          4,
          4,
          null,
          4,
          2,
          null,
          2,
          null,
          null,
          null,
          null,
          1,
          4,
          null,
          null,
          null
        ]
      },
      "/Users/rin/turing/1module/night_writer_project/spec/translator_spec.rb": {
        "lines": [
          1,
          1,
          null,
          1,
          null,
          1,
          8,
          8,
          8,
          8,
          8,
          8,
          8,
          null,
          null,
          1,
          1,
          null,
          null,
          1,
          1,
          null,
          null,
          1,
          1,
          1,
          null,
          null,
          1,
          1,
          null,
          null,
          1,
          1,
          null,
          null,
          1,
          1,
          1,
          null,
          null,
          1,
          1,
          null,
          null,
          1,
          1,
          null,
          null,
          null
        ]
      }
    },
    "timestamp": 1646778827
  }
}
